[05-Nov-2017 23:22:20 UTC] WP_Community_Events::maybe_log_events_response: Valid response received. Details: {"api_url":"https:\/\/api.wordpress.org\/events\/1.0\/","request_args":{"body":{"number":5,"ip":"::","locale":"en_US","timezone":"America\/Los_Angeles"}},"response_code":200,"response_body":{"location":{"ip":"71.237.155.52"},"events":"2 events trimmed."}}
[10-Nov-2017 22:15:39 UTC] WP_Community_Events::maybe_log_events_response: Valid response received. Details: {"api_url":"https:\/\/api.wordpress.org\/events\/1.0\/","request_args":{"body":{"number":5,"ip":"::","locale":"en_US","timezone":"America\/Los_Angeles"}},"response_code":200,"response_body":{"location":{"ip":"71.237.155.52"},"events":"2 events trimmed."}}
[21-Nov-2017 20:27:18 UTC] WP_Community_Events::maybe_log_events_response: Valid response received. Details: {"api_url":"https:\/\/api.wordpress.org\/events\/1.0\/","request_args":{"body":{"number":5,"ip":"::","locale":"en_US","timezone":"America\/Los_Angeles"}},"response_code":200,"response_body":{"location":{"ip":"71.237.155.52"},"events":"1 events trimmed."}}
[21-Nov-2017 21:06:16 UTC] PHP Fatal error:  Maximum execution time of 30 seconds exceeded in C:\xampp\htdocs\SweetShop\wp-admin\includes\class-wp-filesystem-direct.php on line 81
[21-Nov-2017 21:41:08 UTC] PHP Notice:  Undefined index: prepend in C:\xampp\htdocs\SweetShop\wp-content\plugins\pb-seo-friendly-images\inc\pbSettingsFramework.php on line 179
[21-Nov-2017 21:41:08 UTC] PHP Notice:  Undefined index: append in C:\xampp\htdocs\SweetShop\wp-content\plugins\pb-seo-friendly-images\inc\pbSettingsFramework.php on line 197
[21-Nov-2017 21:41:08 UTC] PHP Notice:  Undefined index: prepend in C:\xampp\htdocs\SweetShop\wp-content\plugins\pb-seo-friendly-images\inc\pbSettingsFramework.php on line 179
[21-Nov-2017 21:41:08 UTC] PHP Notice:  Undefined index: append in C:\xampp\htdocs\SweetShop\wp-content\plugins\pb-seo-friendly-images\inc\pbSettingsFramework.php on line 197
[21-Nov-2017 21:41:08 UTC] PHP Notice:  Undefined index: prepend in C:\xampp\htdocs\SweetShop\wp-content\plugins\pb-seo-friendly-images\inc\pbSettingsFramework.php on line 179
[21-Nov-2017 21:41:08 UTC] PHP Notice:  Undefined index: append in C:\xampp\htdocs\SweetShop\wp-content\plugins\pb-seo-friendly-images\inc\pbSettingsFramework.php on line 197
[21-Nov-2017 22:47:33 UTC] PHP Notice:  Trying to get property of non-object in C:\xampp\htdocs\SweetShop\wp-includes\post-template.php on line 298
[21-Nov-2017 22:47:33 UTC] PHP Notice:  Trying to get property of non-object in C:\xampp\htdocs\SweetShop\wp-includes\post-template.php on line 298
[21-Nov-2017 22:48:56 UTC] PHP Notice:  Trying to get property of non-object in C:\xampp\htdocs\SweetShop\wp-includes\post-template.php on line 298
[21-Nov-2017 22:48:56 UTC] PHP Notice:  Trying to get property of non-object in C:\xampp\htdocs\SweetShop\wp-includes\post-template.php on line 298
[26-Nov-2017 02:46:26 UTC] WP_Community_Events::maybe_log_events_response: Valid response received. Details: {"api_url":"https:\/\/api.wordpress.org\/events\/1.0\/","request_args":{"body":{"number":5,"ip":"::","locale":"en_US","timezone":"America\/Los_Angeles"}},"response_code":200,"response_body":{"location":{"ip":"71.237.155.52"},"events":"1 events trimmed."}}
[09-Dec-2017 04:57:00 UTC] WP_Community_Events::maybe_log_events_response: Valid response received. Details: {"api_url":"https:\/\/api.wordpress.org\/events\/1.0\/","request_args":{"body":{"number":5,"ip":"::","locale":"en_US","timezone":"America\/Los_Angeles"}},"response_code":200,"response_body":{"location":{"ip":"71.237.155.52"},"events":"0 events trimmed."}}
[10-Dec-2017 22:43:53 UTC] WP_Community_Events::maybe_log_events_response: Valid response received. Details: {"api_url":"https:\/\/api.wordpress.org\/events\/1.0\/","request_args":{"body":{"number":5,"ip":"::","locale":"en_US","timezone":"America\/Los_Angeles"}},"response_code":200,"response_body":{"location":{"ip":"98.246.172.103"},"events":"0 events trimmed."}}
[10-Dec-2017 22:45:04 UTC] PHP Notice:  Array to string conversion in C:\xampp\htdocs\sweetshop\wp-content\plugins\wordpress-importer\wordpress-importer.php on line 884
[10-Dec-2017 22:45:04 UTC] PHP Notice:  Array to string conversion in C:\xampp\htdocs\sweetshop\wp-content\plugins\wordpress-importer\wordpress-importer.php on line 884
[10-Dec-2017 22:45:04 UTC] PHP Notice:  Array to string conversion in C:\xampp\htdocs\sweetshop\wp-content\plugins\wordpress-importer\wordpress-importer.php on line 884
[10-Dec-2017 22:45:04 UTC] PHP Notice:  Array to string conversion in C:\xampp\htdocs\sweetshop\wp-content\plugins\wordpress-importer\wordpress-importer.php on line 884
[10-Dec-2017 22:45:04 UTC] PHP Notice:  Array to string conversion in C:\xampp\htdocs\sweetshop\wp-content\plugins\wordpress-importer\wordpress-importer.php on line 884
[10-Dec-2017 22:45:04 UTC] PHP Notice:  Array to string conversion in C:\xampp\htdocs\sweetshop\wp-content\plugins\wordpress-importer\wordpress-importer.php on line 884
[10-Dec-2017 22:45:04 UTC] PHP Notice:  Array to string conversion in C:\xampp\htdocs\sweetshop\wp-content\plugins\wordpress-importer\wordpress-importer.php on line 884
[10-Dec-2017 22:45:04 UTC] PHP Notice:  Array to string conversion in C:\xampp\htdocs\sweetshop\wp-content\plugins\wordpress-importer\wordpress-importer.php on line 884
[10-Dec-2017 22:45:04 UTC] PHP Notice:  Undefined variable: _menu_item_type in C:\xampp\htdocs\sweetshop\wp-content\plugins\wordpress-importer\wordpress-importer.php on line 886
[10-Dec-2017 22:45:04 UTC] PHP Notice:  Undefined variable: _menu_item_type in C:\xampp\htdocs\sweetshop\wp-content\plugins\wordpress-importer\wordpress-importer.php on line 888
[10-Dec-2017 22:45:04 UTC] PHP Notice:  Undefined variable: _menu_item_type in C:\xampp\htdocs\sweetshop\wp-content\plugins\wordpress-importer\wordpress-importer.php on line 890
[10-Dec-2017 22:45:04 UTC] PHP Notice:  Array to string conversion in C:\xampp\htdocs\sweetshop\wp-content\plugins\wordpress-importer\wordpress-importer.php on line 884
[10-Dec-2017 22:45:04 UTC] PHP Notice:  Array to string conversion in C:\xampp\htdocs\sweetshop\wp-content\plugins\wordpress-importer\wordpress-importer.php on line 884
[10-Dec-2017 22:45:04 UTC] PHP Notice:  Array to string conversion in C:\xampp\htdocs\sweetshop\wp-content\plugins\wordpress-importer\wordpress-importer.php on line 884
[10-Dec-2017 22:45:04 UTC] PHP Notice:  Array to string conversion in C:\xampp\htdocs\sweetshop\wp-content\plugins\wordpress-importer\wordpress-importer.php on line 884
[10-Dec-2017 22:45:04 UTC] PHP Notice:  Array to string conversion in C:\xampp\htdocs\sweetshop\wp-content\plugins\wordpress-importer\wordpress-importer.php on line 884
[10-Dec-2017 22:45:04 UTC] PHP Notice:  Array to string conversion in C:\xampp\htdocs\sweetshop\wp-content\plugins\wordpress-importer\wordpress-importer.php on line 884
[10-Dec-2017 22:45:04 UTC] PHP Notice:  Array to string conversion in C:\xampp\htdocs\sweetshop\wp-content\plugins\wordpress-importer\wordpress-importer.php on line 884
[10-Dec-2017 22:45:04 UTC] PHP Notice:  Array to string conversion in C:\xampp\htdocs\sweetshop\wp-content\plugins\wordpress-importer\wordpress-importer.php on line 884
[10-Dec-2017 22:45:04 UTC] PHP Notice:  Undefined variable: _menu_item_type in C:\xampp\htdocs\sweetshop\wp-content\plugins\wordpress-importer\wordpress-importer.php on line 886
[10-Dec-2017 22:45:04 UTC] PHP Notice:  Undefined variable: _menu_item_type in C:\xampp\htdocs\sweetshop\wp-content\plugins\wordpress-importer\wordpress-importer.php on line 888
[10-Dec-2017 22:45:04 UTC] PHP Notice:  Undefined variable: _menu_item_type in C:\xampp\htdocs\sweetshop\wp-content\plugins\wordpress-importer\wordpress-importer.php on line 890
[10-Dec-2017 22:45:04 UTC] PHP Notice:  Array to string conversion in C:\xampp\htdocs\sweetshop\wp-content\plugins\wordpress-importer\wordpress-importer.php on line 884
[10-Dec-2017 22:45:04 UTC] PHP Notice:  Array to string conversion in C:\xampp\htdocs\sweetshop\wp-content\plugins\wordpress-importer\wordpress-importer.php on line 884
[10-Dec-2017 22:45:04 UTC] PHP Notice:  Array to string conversion in C:\xampp\htdocs\sweetshop\wp-content\plugins\wordpress-importer\wordpress-importer.php on line 884
[10-Dec-2017 22:45:04 UTC] PHP Notice:  Array to string conversion in C:\xampp\htdocs\sweetshop\wp-content\plugins\wordpress-importer\wordpress-importer.php on line 884
[10-Dec-2017 22:45:04 UTC] PHP Notice:  Array to string conversion in C:\xampp\htdocs\sweetshop\wp-content\plugins\wordpress-importer\wordpress-importer.php on line 884
[10-Dec-2017 22:45:04 UTC] PHP Notice:  Array to string conversion in C:\xampp\htdocs\sweetshop\wp-content\plugins\wordpress-importer\wordpress-importer.php on line 884
[10-Dec-2017 22:45:05 UTC] PHP Notice:  Array to string conversion in C:\xampp\htdocs\sweetshop\wp-content\plugins\wordpress-importer\wordpress-importer.php on line 884
[10-Dec-2017 22:45:05 UTC] PHP Notice:  Array to string conversion in C:\xampp\htdocs\sweetshop\wp-content\plugins\wordpress-importer\wordpress-importer.php on line 884
[10-Dec-2017 22:45:05 UTC] PHP Notice:  Undefined variable: _menu_item_type in C:\xampp\htdocs\sweetshop\wp-content\plugins\wordpress-importer\wordpress-importer.php on line 886
[10-Dec-2017 22:45:05 UTC] PHP Notice:  Undefined variable: _menu_item_type in C:\xampp\htdocs\sweetshop\wp-content\plugins\wordpress-importer\wordpress-importer.php on line 888
[10-Dec-2017 22:45:05 UTC] PHP Notice:  Undefined variable: _menu_item_type in C:\xampp\htdocs\sweetshop\wp-content\plugins\wordpress-importer\wordpress-importer.php on line 890
[10-Dec-2017 22:45:05 UTC] PHP Notice:  Array to string conversion in C:\xampp\htdocs\sweetshop\wp-content\plugins\wordpress-importer\wordpress-importer.php on line 884
[10-Dec-2017 22:45:05 UTC] PHP Notice:  Array to string conversion in C:\xampp\htdocs\sweetshop\wp-content\plugins\wordpress-importer\wordpress-importer.php on line 884
[10-Dec-2017 22:45:05 UTC] PHP Notice:  Array to string conversion in C:\xampp\htdocs\sweetshop\wp-content\plugins\wordpress-importer\wordpress-importer.php on line 884
[10-Dec-2017 22:45:05 UTC] PHP Notice:  Array to string conversion in C:\xampp\htdocs\sweetshop\wp-content\plugins\wordpress-importer\wordpress-importer.php on line 884
[10-Dec-2017 22:45:05 UTC] PHP Notice:  Array to string conversion in C:\xampp\htdocs\sweetshop\wp-content\plugins\wordpress-importer\wordpress-importer.php on line 884
[10-Dec-2017 22:45:05 UTC] PHP Notice:  Array to string conversion in C:\xampp\htdocs\sweetshop\wp-content\plugins\wordpress-importer\wordpress-importer.php on line 884
[10-Dec-2017 22:45:05 UTC] PHP Notice:  Array to string conversion in C:\xampp\htdocs\sweetshop\wp-content\plugins\wordpress-importer\wordpress-importer.php on line 884
[10-Dec-2017 22:45:05 UTC] PHP Notice:  Array to string conversion in C:\xampp\htdocs\sweetshop\wp-content\plugins\wordpress-importer\wordpress-importer.php on line 884
[10-Dec-2017 22:45:05 UTC] PHP Notice:  Undefined variable: _menu_item_type in C:\xampp\htdocs\sweetshop\wp-content\plugins\wordpress-importer\wordpress-importer.php on line 886
[10-Dec-2017 22:45:05 UTC] PHP Notice:  Undefined variable: _menu_item_type in C:\xampp\htdocs\sweetshop\wp-content\plugins\wordpress-importer\wordpress-importer.php on line 888
[10-Dec-2017 22:45:05 UTC] PHP Notice:  Undefined variable: _menu_item_type in C:\xampp\htdocs\sweetshop\wp-content\plugins\wordpress-importer\wordpress-importer.php on line 890
[10-Dec-2017 22:45:05 UTC] PHP Notice:  Array to string conversion in C:\xampp\htdocs\sweetshop\wp-content\plugins\wordpress-importer\wordpress-importer.php on line 884
[10-Dec-2017 22:45:05 UTC] PHP Notice:  Array to string conversion in C:\xampp\htdocs\sweetshop\wp-content\plugins\wordpress-importer\wordpress-importer.php on line 884
[10-Dec-2017 22:45:05 UTC] PHP Notice:  Array to string conversion in C:\xampp\htdocs\sweetshop\wp-content\plugins\wordpress-importer\wordpress-importer.php on line 884
[10-Dec-2017 22:45:05 UTC] PHP Notice:  Array to string conversion in C:\xampp\htdocs\sweetshop\wp-content\plugins\wordpress-importer\wordpress-importer.php on line 884
[10-Dec-2017 22:45:05 UTC] PHP Notice:  Array to string conversion in C:\xampp\htdocs\sweetshop\wp-content\plugins\wordpress-importer\wordpress-importer.php on line 884
[10-Dec-2017 22:45:05 UTC] PHP Notice:  Array to string conversion in C:\xampp\htdocs\sweetshop\wp-content\plugins\wordpress-importer\wordpress-importer.php on line 884
[10-Dec-2017 22:45:05 UTC] PHP Notice:  Array to string conversion in C:\xampp\htdocs\sweetshop\wp-content\plugins\wordpress-importer\wordpress-importer.php on line 884
[10-Dec-2017 22:45:05 UTC] PHP Notice:  Array to string conversion in C:\xampp\htdocs\sweetshop\wp-content\plugins\wordpress-importer\wordpress-importer.php on line 884
[10-Dec-2017 22:45:05 UTC] PHP Notice:  Undefined variable: _menu_item_type in C:\xampp\htdocs\sweetshop\wp-content\plugins\wordpress-importer\wordpress-importer.php on line 886
[10-Dec-2017 22:45:05 UTC] PHP Notice:  Undefined variable: _menu_item_type in C:\xampp\htdocs\sweetshop\wp-content\plugins\wordpress-importer\wordpress-importer.php on line 888
[10-Dec-2017 22:45:05 UTC] PHP Notice:  Undefined variable: _menu_item_type in C:\xampp\htdocs\sweetshop\wp-content\plugins\wordpress-importer\wordpress-importer.php on line 890
[10-Dec-2017 22:45:05 UTC] PHP Notice:  Array to string conversion in C:\xampp\htdocs\sweetshop\wp-content\plugins\wordpress-importer\wordpress-importer.php on line 884
[10-Dec-2017 22:45:05 UTC] PHP Notice:  Array to string conversion in C:\xampp\htdocs\sweetshop\wp-content\plugins\wordpress-importer\wordpress-importer.php on line 884
[10-Dec-2017 22:45:05 UTC] PHP Notice:  Array to string conversion in C:\xampp\htdocs\sweetshop\wp-content\plugins\wordpress-importer\wordpress-importer.php on line 884
[10-Dec-2017 22:45:05 UTC] PHP Notice:  Array to string conversion in C:\xampp\htdocs\sweetshop\wp-content\plugins\wordpress-importer\wordpress-importer.php on line 884
[10-Dec-2017 22:45:05 UTC] PHP Notice:  Array to string conversion in C:\xampp\htdocs\sweetshop\wp-content\plugins\wordpress-importer\wordpress-importer.php on line 884
[10-Dec-2017 22:45:05 UTC] PHP Notice:  Array to string conversion in C:\xampp\htdocs\sweetshop\wp-content\plugins\wordpress-importer\wordpress-importer.php on line 884
[10-Dec-2017 22:45:05 UTC] PHP Notice:  Array to string conversion in C:\xampp\htdocs\sweetshop\wp-content\plugins\wordpress-importer\wordpress-importer.php on line 884
[10-Dec-2017 22:45:05 UTC] PHP Notice:  Array to string conversion in C:\xampp\htdocs\sweetshop\wp-content\plugins\wordpress-importer\wordpress-importer.php on line 884
[10-Dec-2017 22:45:05 UTC] PHP Notice:  Undefined variable: _menu_item_type in C:\xampp\htdocs\sweetshop\wp-content\plugins\wordpress-importer\wordpress-importer.php on line 886
[10-Dec-2017 22:45:05 UTC] PHP Notice:  Undefined variable: _menu_item_type in C:\xampp\htdocs\sweetshop\wp-content\plugins\wordpress-importer\wordpress-importer.php on line 888
[10-Dec-2017 22:45:05 UTC] PHP Notice:  Undefined variable: _menu_item_type in C:\xampp\htdocs\sweetshop\wp-content\plugins\wordpress-importer\wordpress-importer.php on line 890
[10-Dec-2017 22:45:05 UTC] PHP Notice:  Array to string conversion in C:\xampp\htdocs\sweetshop\wp-content\plugins\wordpress-importer\wordpress-importer.php on line 884
[10-Dec-2017 22:45:05 UTC] PHP Notice:  Array to string conversion in C:\xampp\htdocs\sweetshop\wp-content\plugins\wordpress-importer\wordpress-importer.php on line 884
[10-Dec-2017 22:45:05 UTC] PHP Notice:  Array to string conversion in C:\xampp\htdocs\sweetshop\wp-content\plugins\wordpress-importer\wordpress-importer.php on line 884
[10-Dec-2017 22:45:05 UTC] PHP Notice:  Array to string conversion in C:\xampp\htdocs\sweetshop\wp-content\plugins\wordpress-importer\wordpress-importer.php on line 884
[10-Dec-2017 22:45:05 UTC] PHP Notice:  Array to string conversion in C:\xampp\htdocs\sweetshop\wp-content\plugins\wordpress-importer\wordpress-importer.php on line 884
[10-Dec-2017 22:45:05 UTC] PHP Notice:  Array to string conversion in C:\xampp\htdocs\sweetshop\wp-content\plugins\wordpress-importer\wordpress-importer.php on line 884
[10-Dec-2017 22:45:05 UTC] PHP Notice:  Array to string conversion in C:\xampp\htdocs\sweetshop\wp-content\plugins\wordpress-importer\wordpress-importer.php on line 884
[10-Dec-2017 22:45:05 UTC] PHP Notice:  Array to string conversion in C:\xampp\htdocs\sweetshop\wp-content\plugins\wordpress-importer\wordpress-importer.php on line 884
[10-Dec-2017 22:45:05 UTC] PHP Notice:  Undefined variable: _menu_item_type in C:\xampp\htdocs\sweetshop\wp-content\plugins\wordpress-importer\wordpress-importer.php on line 886
[10-Dec-2017 22:45:05 UTC] PHP Notice:  Undefined variable: _menu_item_type in C:\xampp\htdocs\sweetshop\wp-content\plugins\wordpress-importer\wordpress-importer.php on line 888
[10-Dec-2017 22:45:05 UTC] PHP Notice:  Undefined variable: _menu_item_type in C:\xampp\htdocs\sweetshop\wp-content\plugins\wordpress-importer\wordpress-importer.php on line 890
[10-Dec-2017 22:45:05 UTC] PHP Notice:  Array to string conversion in C:\xampp\htdocs\sweetshop\wp-content\plugins\wordpress-importer\wordpress-importer.php on line 884
[10-Dec-2017 22:45:05 UTC] PHP Notice:  Array to string conversion in C:\xampp\htdocs\sweetshop\wp-content\plugins\wordpress-importer\wordpress-importer.php on line 884
[10-Dec-2017 22:45:05 UTC] PHP Notice:  Array to string conversion in C:\xampp\htdocs\sweetshop\wp-content\plugins\wordpress-importer\wordpress-importer.php on line 884
[10-Dec-2017 22:45:05 UTC] PHP Notice:  Array to string conversion in C:\xampp\htdocs\sweetshop\wp-content\plugins\wordpress-importer\wordpress-importer.php on line 884
[10-Dec-2017 22:45:05 UTC] PHP Notice:  Array to string conversion in C:\xampp\htdocs\sweetshop\wp-content\plugins\wordpress-importer\wordpress-importer.php on line 884
[10-Dec-2017 22:45:05 UTC] PHP Notice:  Array to string conversion in C:\xampp\htdocs\sweetshop\wp-content\plugins\wordpress-importer\wordpress-importer.php on line 884
[10-Dec-2017 22:45:05 UTC] PHP Notice:  Array to string conversion in C:\xampp\htdocs\sweetshop\wp-content\plugins\wordpress-importer\wordpress-importer.php on line 884
[10-Dec-2017 22:45:05 UTC] PHP Notice:  Array to string conversion in C:\xampp\htdocs\sweetshop\wp-content\plugins\wordpress-importer\wordpress-importer.php on line 884
[10-Dec-2017 22:45:05 UTC] PHP Notice:  Undefined variable: _menu_item_type in C:\xampp\htdocs\sweetshop\wp-content\plugins\wordpress-importer\wordpress-importer.php on line 886
[10-Dec-2017 22:45:05 UTC] PHP Notice:  Undefined variable: _menu_item_type in C:\xampp\htdocs\sweetshop\wp-content\plugins\wordpress-importer\wordpress-importer.php on line 888
[10-Dec-2017 22:45:05 UTC] PHP Notice:  Undefined variable: _menu_item_type in C:\xampp\htdocs\sweetshop\wp-content\plugins\wordpress-importer\wordpress-importer.php on line 890
[10-Dec-2017 22:45:06 UTC] PHP Notice:  Array to string conversion in C:\xampp\htdocs\sweetshop\wp-content\plugins\wordpress-importer\wordpress-importer.php on line 884
[10-Dec-2017 22:45:06 UTC] PHP Notice:  Array to string conversion in C:\xampp\htdocs\sweetshop\wp-content\plugins\wordpress-importer\wordpress-importer.php on line 884
[10-Dec-2017 22:45:06 UTC] PHP Notice:  Array to string conversion in C:\xampp\htdocs\sweetshop\wp-content\plugins\wordpress-importer\wordpress-importer.php on line 884
[10-Dec-2017 22:45:06 UTC] PHP Notice:  Array to string conversion in C:\xampp\htdocs\sweetshop\wp-content\plugins\wordpress-importer\wordpress-importer.php on line 884
[10-Dec-2017 22:45:06 UTC] PHP Notice:  Array to string conversion in C:\xampp\htdocs\sweetshop\wp-content\plugins\wordpress-importer\wordpress-importer.php on line 884
[10-Dec-2017 22:45:06 UTC] PHP Notice:  Array to string conversion in C:\xampp\htdocs\sweetshop\wp-content\plugins\wordpress-importer\wordpress-importer.php on line 884
[10-Dec-2017 22:45:06 UTC] PHP Notice:  Array to string conversion in C:\xampp\htdocs\sweetshop\wp-content\plugins\wordpress-importer\wordpress-importer.php on line 884
[10-Dec-2017 22:45:06 UTC] PHP Notice:  Array to string conversion in C:\xampp\htdocs\sweetshop\wp-content\plugins\wordpress-importer\wordpress-importer.php on line 884
[10-Dec-2017 22:45:06 UTC] PHP Notice:  Undefined variable: _menu_item_type in C:\xampp\htdocs\sweetshop\wp-content\plugins\wordpress-importer\wordpress-importer.php on line 886
[10-Dec-2017 22:45:06 UTC] PHP Notice:  Undefined variable: _menu_item_type in C:\xampp\htdocs\sweetshop\wp-content\plugins\wordpress-importer\wordpress-importer.php on line 888
[10-Dec-2017 22:45:06 UTC] PHP Notice:  Undefined variable: _menu_item_type in C:\xampp\htdocs\sweetshop\wp-content\plugins\wordpress-importer\wordpress-importer.php on line 890
[10-Dec-2017 22:45:07 UTC] PHP Notice:  Array to string conversion in C:\xampp\htdocs\sweetshop\wp-content\plugins\wordpress-importer\wordpress-importer.php on line 884
[10-Dec-2017 22:45:07 UTC] PHP Notice:  Array to string conversion in C:\xampp\htdocs\sweetshop\wp-content\plugins\wordpress-importer\wordpress-importer.php on line 884
[10-Dec-2017 22:45:07 UTC] PHP Notice:  Array to string conversion in C:\xampp\htdocs\sweetshop\wp-content\plugins\wordpress-importer\wordpress-importer.php on line 884
[10-Dec-2017 22:45:07 UTC] PHP Notice:  Array to string conversion in C:\xampp\htdocs\sweetshop\wp-content\plugins\wordpress-importer\wordpress-importer.php on line 884
[10-Dec-2017 22:45:07 UTC] PHP Notice:  Array to string conversion in C:\xampp\htdocs\sweetshop\wp-content\plugins\wordpress-importer\wordpress-importer.php on line 884
[10-Dec-2017 22:45:07 UTC] PHP Notice:  Array to string conversion in C:\xampp\htdocs\sweetshop\wp-content\plugins\wordpress-importer\wordpress-importer.php on line 884
[10-Dec-2017 22:45:07 UTC] PHP Notice:  Array to string conversion in C:\xampp\htdocs\sweetshop\wp-content\plugins\wordpress-importer\wordpress-importer.php on line 884
[10-Dec-2017 22:45:07 UTC] PHP Notice:  Array to string conversion in C:\xampp\htdocs\sweetshop\wp-content\plugins\wordpress-importer\wordpress-importer.php on line 884
[10-Dec-2017 22:45:07 UTC] PHP Notice:  Undefined variable: _menu_item_type in C:\xampp\htdocs\sweetshop\wp-content\plugins\wordpress-importer\wordpress-importer.php on line 886
[10-Dec-2017 22:45:07 UTC] PHP Notice:  Undefined variable: _menu_item_type in C:\xampp\htdocs\sweetshop\wp-content\plugins\wordpress-importer\wordpress-importer.php on line 888
[10-Dec-2017 22:45:07 UTC] PHP Notice:  Undefined variable: _menu_item_type in C:\xampp\htdocs\sweetshop\wp-content\plugins\wordpress-importer\wordpress-importer.php on line 890
[10-Dec-2017 22:45:07 UTC] PHP Notice:  Array to string conversion in C:\xampp\htdocs\sweetshop\wp-content\plugins\wordpress-importer\wordpress-importer.php on line 884
[10-Dec-2017 22:45:07 UTC] PHP Notice:  Array to string conversion in C:\xampp\htdocs\sweetshop\wp-content\plugins\wordpress-importer\wordpress-importer.php on line 884
[10-Dec-2017 22:45:07 UTC] PHP Notice:  Array to string conversion in C:\xampp\htdocs\sweetshop\wp-content\plugins\wordpress-importer\wordpress-importer.php on line 884
[10-Dec-2017 22:45:07 UTC] PHP Notice:  Array to string conversion in C:\xampp\htdocs\sweetshop\wp-content\plugins\wordpress-importer\wordpress-importer.php on line 884
[10-Dec-2017 22:45:07 UTC] PHP Notice:  Array to string conversion in C:\xampp\htdocs\sweetshop\wp-content\plugins\wordpress-importer\wordpress-importer.php on line 884
[10-Dec-2017 22:45:07 UTC] PHP Notice:  Array to string conversion in C:\xampp\htdocs\sweetshop\wp-content\plugins\wordpress-importer\wordpress-importer.php on line 884
[10-Dec-2017 22:45:07 UTC] PHP Notice:  Array to string conversion in C:\xampp\htdocs\sweetshop\wp-content\plugins\wordpress-importer\wordpress-importer.php on line 884
[10-Dec-2017 22:45:07 UTC] PHP Notice:  Array to string conversion in C:\xampp\htdocs\sweetshop\wp-content\plugins\wordpress-importer\wordpress-importer.php on line 884
[10-Dec-2017 22:45:07 UTC] PHP Notice:  Undefined variable: _menu_item_type in C:\xampp\htdocs\sweetshop\wp-content\plugins\wordpress-importer\wordpress-importer.php on line 886
[10-Dec-2017 22:45:07 UTC] PHP Notice:  Undefined variable: _menu_item_type in C:\xampp\htdocs\sweetshop\wp-content\plugins\wordpress-importer\wordpress-importer.php on line 888
[10-Dec-2017 22:45:07 UTC] PHP Notice:  Undefined variable: _menu_item_type in C:\xampp\htdocs\sweetshop\wp-content\plugins\wordpress-importer\wordpress-importer.php on line 890
[10-Dec-2017 22:45:07 UTC] PHP Notice:  Array to string conversion in C:\xampp\htdocs\sweetshop\wp-content\plugins\wordpress-importer\wordpress-importer.php on line 884
[10-Dec-2017 22:45:07 UTC] PHP Notice:  Array to string conversion in C:\xampp\htdocs\sweetshop\wp-content\plugins\wordpress-importer\wordpress-importer.php on line 884
[10-Dec-2017 22:45:07 UTC] PHP Notice:  Array to string conversion in C:\xampp\htdocs\sweetshop\wp-content\plugins\wordpress-importer\wordpress-importer.php on line 884
[10-Dec-2017 22:45:07 UTC] PHP Notice:  Array to string conversion in C:\xampp\htdocs\sweetshop\wp-content\plugins\wordpress-importer\wordpress-importer.php on line 884
[10-Dec-2017 22:45:07 UTC] PHP Notice:  Array to string conversion in C:\xampp\htdocs\sweetshop\wp-content\plugins\wordpress-importer\wordpress-importer.php on line 884
[10-Dec-2017 22:45:07 UTC] PHP Notice:  Array to string conversion in C:\xampp\htdocs\sweetshop\wp-content\plugins\wordpress-importer\wordpress-importer.php on line 884
[10-Dec-2017 22:45:07 UTC] PHP Notice:  Array to string conversion in C:\xampp\htdocs\sweetshop\wp-content\plugins\wordpress-importer\wordpress-importer.php on line 884
[10-Dec-2017 22:45:07 UTC] PHP Notice:  Array to string conversion in C:\xampp\htdocs\sweetshop\wp-content\plugins\wordpress-importer\wordpress-importer.php on line 884
[10-Dec-2017 22:45:07 UTC] PHP Notice:  Undefined variable: _menu_item_type in C:\xampp\htdocs\sweetshop\wp-content\plugins\wordpress-importer\wordpress-importer.php on line 886
[10-Dec-2017 22:45:07 UTC] PHP Notice:  Undefined variable: _menu_item_type in C:\xampp\htdocs\sweetshop\wp-content\plugins\wordpress-importer\wordpress-importer.php on line 888
[10-Dec-2017 22:45:07 UTC] PHP Notice:  Undefined variable: _menu_item_type in C:\xampp\htdocs\sweetshop\wp-content\plugins\wordpress-importer\wordpress-importer.php on line 890
[10-Dec-2017 22:45:07 UTC] PHP Notice:  Array to string conversion in C:\xampp\htdocs\sweetshop\wp-content\plugins\wordpress-importer\wordpress-importer.php on line 884
[10-Dec-2017 22:45:07 UTC] PHP Notice:  Array to string conversion in C:\xampp\htdocs\sweetshop\wp-content\plugins\wordpress-importer\wordpress-importer.php on line 884
[10-Dec-2017 22:45:08 UTC] PHP Notice:  Array to string conversion in C:\xampp\htdocs\sweetshop\wp-content\plugins\wordpress-importer\wordpress-importer.php on line 884
[10-Dec-2017 22:45:08 UTC] PHP Notice:  Array to string conversion in C:\xampp\htdocs\sweetshop\wp-content\plugins\wordpress-importer\wordpress-importer.php on line 884
[10-Dec-2017 22:45:08 UTC] PHP Notice:  Array to string conversion in C:\xampp\htdocs\sweetshop\wp-content\plugins\wordpress-importer\wordpress-importer.php on line 884
[10-Dec-2017 22:45:08 UTC] PHP Notice:  Array to string conversion in C:\xampp\htdocs\sweetshop\wp-content\plugins\wordpress-importer\wordpress-importer.php on line 884
[10-Dec-2017 22:45:08 UTC] PHP Notice:  Array to string conversion in C:\xampp\htdocs\sweetshop\wp-content\plugins\wordpress-importer\wordpress-importer.php on line 884
[10-Dec-2017 22:45:08 UTC] PHP Notice:  Array to string conversion in C:\xampp\htdocs\sweetshop\wp-content\plugins\wordpress-importer\wordpress-importer.php on line 884
[10-Dec-2017 22:45:08 UTC] PHP Notice:  Undefined variable: _menu_item_type in C:\xampp\htdocs\sweetshop\wp-content\plugins\wordpress-importer\wordpress-importer.php on line 886
[10-Dec-2017 22:45:08 UTC] PHP Notice:  Undefined variable: _menu_item_type in C:\xampp\htdocs\sweetshop\wp-content\plugins\wordpress-importer\wordpress-importer.php on line 888
[10-Dec-2017 22:45:08 UTC] PHP Notice:  Undefined variable: _menu_item_type in C:\xampp\htdocs\sweetshop\wp-content\plugins\wordpress-importer\wordpress-importer.php on line 890
[10-Dec-2017 22:45:08 UTC] PHP Notice:  Array to string conversion in C:\xampp\htdocs\sweetshop\wp-content\plugins\wordpress-importer\wordpress-importer.php on line 884
[10-Dec-2017 22:45:08 UTC] PHP Notice:  Array to string conversion in C:\xampp\htdocs\sweetshop\wp-content\plugins\wordpress-importer\wordpress-importer.php on line 884
[10-Dec-2017 22:45:08 UTC] PHP Notice:  Array to string conversion in C:\xampp\htdocs\sweetshop\wp-content\plugins\wordpress-importer\wordpress-importer.php on line 884
[10-Dec-2017 22:45:08 UTC] PHP Notice:  Array to string conversion in C:\xampp\htdocs\sweetshop\wp-content\plugins\wordpress-importer\wordpress-importer.php on line 884
[10-Dec-2017 22:45:08 UTC] PHP Notice:  Array to string conversion in C:\xampp\htdocs\sweetshop\wp-content\plugins\wordpress-importer\wordpress-importer.php on line 884
[10-Dec-2017 22:45:08 UTC] PHP Notice:  Array to string conversion in C:\xampp\htdocs\sweetshop\wp-content\plugins\wordpress-importer\wordpress-importer.php on line 884
[10-Dec-2017 22:45:08 UTC] PHP Notice:  Array to string conversion in C:\xampp\htdocs\sweetshop\wp-content\plugins\wordpress-importer\wordpress-importer.php on line 884
[10-Dec-2017 22:45:08 UTC] PHP Notice:  Array to string conversion in C:\xampp\htdocs\sweetshop\wp-content\plugins\wordpress-importer\wordpress-importer.php on line 884
[10-Dec-2017 22:45:08 UTC] PHP Notice:  Undefined variable: _menu_item_type in C:\xampp\htdocs\sweetshop\wp-content\plugins\wordpress-importer\wordpress-importer.php on line 886
[10-Dec-2017 22:45:08 UTC] PHP Notice:  Undefined variable: _menu_item_type in C:\xampp\htdocs\sweetshop\wp-content\plugins\wordpress-importer\wordpress-importer.php on line 888
[10-Dec-2017 22:45:08 UTC] PHP Notice:  Undefined variable: _menu_item_type in C:\xampp\htdocs\sweetshop\wp-content\plugins\wordpress-importer\wordpress-importer.php on line 890
[10-Dec-2017 22:45:08 UTC] PHP Notice:  Array to string conversion in C:\xampp\htdocs\sweetshop\wp-content\plugins\wordpress-importer\wordpress-importer.php on line 884
[10-Dec-2017 22:45:08 UTC] PHP Notice:  Array to string conversion in C:\xampp\htdocs\sweetshop\wp-content\plugins\wordpress-importer\wordpress-importer.php on line 884
[10-Dec-2017 22:45:08 UTC] PHP Notice:  Array to string conversion in C:\xampp\htdocs\sweetshop\wp-content\plugins\wordpress-importer\wordpress-importer.php on line 884
[10-Dec-2017 22:45:08 UTC] PHP Notice:  Array to string conversion in C:\xampp\htdocs\sweetshop\wp-content\plugins\wordpress-importer\wordpress-importer.php on line 884
[10-Dec-2017 22:45:08 UTC] PHP Notice:  Array to string conversion in C:\xampp\htdocs\sweetshop\wp-content\plugins\wordpress-importer\wordpress-importer.php on line 884
[10-Dec-2017 22:45:08 UTC] PHP Notice:  Array to string conversion in C:\xampp\htdocs\sweetshop\wp-content\plugins\wordpress-importer\wordpress-importer.php on line 884
[10-Dec-2017 22:45:08 UTC] PHP Notice:  Array to string conversion in C:\xampp\htdocs\sweetshop\wp-content\plugins\wordpress-importer\wordpress-importer.php on line 884
[10-Dec-2017 22:45:08 UTC] PHP Notice:  Array to string conversion in C:\xampp\htdocs\sweetshop\wp-content\plugins\wordpress-importer\wordpress-importer.php on line 884
[10-Dec-2017 22:45:08 UTC] PHP Notice:  Undefined variable: _menu_item_type in C:\xampp\htdocs\sweetshop\wp-content\plugins\wordpress-importer\wordpress-importer.php on line 886
[10-Dec-2017 22:45:08 UTC] PHP Notice:  Undefined variable: _menu_item_type in C:\xampp\htdocs\sweetshop\wp-content\plugins\wordpress-importer\wordpress-importer.php on line 888
[10-Dec-2017 22:45:08 UTC] PHP Notice:  Undefined variable: _menu_item_type in C:\xampp\htdocs\sweetshop\wp-content\plugins\wordpress-importer\wordpress-importer.php on line 890
[10-Dec-2017 22:45:08 UTC] PHP Notice:  Array to string conversion in C:\xampp\htdocs\sweetshop\wp-content\plugins\wordpress-importer\wordpress-importer.php on line 884
[10-Dec-2017 22:45:08 UTC] PHP Notice:  Array to string conversion in C:\xampp\htdocs\sweetshop\wp-content\plugins\wordpress-importer\wordpress-importer.php on line 884
[10-Dec-2017 22:45:08 UTC] PHP Notice:  Array to string conversion in C:\xampp\htdocs\sweetshop\wp-content\plugins\wordpress-importer\wordpress-importer.php on line 884
[10-Dec-2017 22:45:08 UTC] PHP Notice:  Array to string conversion in C:\xampp\htdocs\sweetshop\wp-content\plugins\wordpress-importer\wordpress-importer.php on line 884
[10-Dec-2017 22:45:08 UTC] PHP Notice:  Array to string conversion in C:\xampp\htdocs\sweetshop\wp-content\plugins\wordpress-importer\wordpress-importer.php on line 884
[10-Dec-2017 22:45:08 UTC] PHP Notice:  Array to string conversion in C:\xampp\htdocs\sweetshop\wp-content\plugins\wordpress-importer\wordpress-importer.php on line 884
[10-Dec-2017 22:45:08 UTC] PHP Notice:  Array to string conversion in C:\xampp\htdocs\sweetshop\wp-content\plugins\wordpress-importer\wordpress-importer.php on line 884
[10-Dec-2017 22:45:08 UTC] PHP Notice:  Array to string conversion in C:\xampp\htdocs\sweetshop\wp-content\plugins\wordpress-importer\wordpress-importer.php on line 884
[10-Dec-2017 22:45:08 UTC] PHP Notice:  Undefined variable: _menu_item_type in C:\xampp\htdocs\sweetshop\wp-content\plugins\wordpress-importer\wordpress-importer.php on line 886
[10-Dec-2017 22:45:08 UTC] PHP Notice:  Undefined variable: _menu_item_type in C:\xampp\htdocs\sweetshop\wp-content\plugins\wordpress-importer\wordpress-importer.php on line 888
[10-Dec-2017 22:45:08 UTC] PHP Notice:  Undefined variable: _menu_item_type in C:\xampp\htdocs\sweetshop\wp-content\plugins\wordpress-importer\wordpress-importer.php on line 890
[10-Dec-2017 22:45:08 UTC] PHP Notice:  Array to string conversion in C:\xampp\htdocs\sweetshop\wp-content\plugins\wordpress-importer\wordpress-importer.php on line 884
[10-Dec-2017 22:45:08 UTC] PHP Notice:  Array to string conversion in C:\xampp\htdocs\sweetshop\wp-content\plugins\wordpress-importer\wordpress-importer.php on line 884
[10-Dec-2017 22:45:08 UTC] PHP Notice:  Array to string conversion in C:\xampp\htdocs\sweetshop\wp-content\plugins\wordpress-importer\wordpress-importer.php on line 884
[10-Dec-2017 22:45:08 UTC] PHP Notice:  Array to string conversion in C:\xampp\htdocs\sweetshop\wp-content\plugins\wordpress-importer\wordpress-importer.php on line 884
[10-Dec-2017 22:45:08 UTC] PHP Notice:  Array to string conversion in C:\xampp\htdocs\sweetshop\wp-content\plugins\wordpress-importer\wordpress-importer.php on line 884
[10-Dec-2017 22:45:08 UTC] PHP Notice:  Array to string conversion in C:\xampp\htdocs\sweetshop\wp-content\plugins\wordpress-importer\wordpress-importer.php on line 884
[10-Dec-2017 22:45:08 UTC] PHP Notice:  Array to string conversion in C:\xampp\htdocs\sweetshop\wp-content\plugins\wordpress-importer\wordpress-importer.php on line 884
[10-Dec-2017 22:45:08 UTC] PHP Notice:  Array to string conversion in C:\xampp\htdocs\sweetshop\wp-content\plugins\wordpress-importer\wordpress-importer.php on line 884
[10-Dec-2017 22:45:08 UTC] PHP Notice:  Undefined variable: _menu_item_type in C:\xampp\htdocs\sweetshop\wp-content\plugins\wordpress-importer\wordpress-importer.php on line 886
[10-Dec-2017 22:45:08 UTC] PHP Notice:  Undefined variable: _menu_item_type in C:\xampp\htdocs\sweetshop\wp-content\plugins\wordpress-importer\wordpress-importer.php on line 888
[10-Dec-2017 22:45:08 UTC] PHP Notice:  Undefined variable: _menu_item_type in C:\xampp\htdocs\sweetshop\wp-content\plugins\wordpress-importer\wordpress-importer.php on line 890
[10-Dec-2017 22:45:08 UTC] PHP Notice:  Array to string conversion in C:\xampp\htdocs\sweetshop\wp-content\plugins\wordpress-importer\wordpress-importer.php on line 884
[10-Dec-2017 22:45:08 UTC] PHP Notice:  Array to string conversion in C:\xampp\htdocs\sweetshop\wp-content\plugins\wordpress-importer\wordpress-importer.php on line 884
[10-Dec-2017 22:45:08 UTC] PHP Notice:  Array to string conversion in C:\xampp\htdocs\sweetshop\wp-content\plugins\wordpress-importer\wordpress-importer.php on line 884
[10-Dec-2017 22:45:08 UTC] PHP Notice:  Array to string conversion in C:\xampp\htdocs\sweetshop\wp-content\plugins\wordpress-importer\wordpress-importer.php on line 884
[10-Dec-2017 22:45:08 UTC] PHP Notice:  Array to string conversion in C:\xampp\htdocs\sweetshop\wp-content\plugins\wordpress-importer\wordpress-importer.php on line 884
[10-Dec-2017 22:45:08 UTC] PHP Notice:  Array to string conversion in C:\xampp\htdocs\sweetshop\wp-content\plugins\wordpress-importer\wordpress-importer.php on line 884
[10-Dec-2017 22:45:08 UTC] PHP Notice:  Array to string conversion in C:\xampp\htdocs\sweetshop\wp-content\plugins\wordpress-importer\wordpress-importer.php on line 884
[10-Dec-2017 22:45:08 UTC] PHP Notice:  Array to string conversion in C:\xampp\htdocs\sweetshop\wp-content\plugins\wordpress-importer\wordpress-importer.php on line 884
[10-Dec-2017 22:45:08 UTC] PHP Notice:  Undefined variable: _menu_item_type in C:\xampp\htdocs\sweetshop\wp-content\plugins\wordpress-importer\wordpress-importer.php on line 886
[10-Dec-2017 22:45:08 UTC] PHP Notice:  Undefined variable: _menu_item_type in C:\xampp\htdocs\sweetshop\wp-content\plugins\wordpress-importer\wordpress-importer.php on line 888
[10-Dec-2017 22:45:08 UTC] PHP Notice:  Undefined variable: _menu_item_type in C:\xampp\htdocs\sweetshop\wp-content\plugins\wordpress-importer\wordpress-importer.php on line 890
[10-Dec-2017 22:58:11 UTC] PHP Fatal error:  Maximum execution time of 30 seconds exceeded in C:\xampp\htdocs\sweetshop\wp-admin\includes\post.php on line 21
[12-Dec-2017 01:35:36 UTC] WP_Community_Events::maybe_log_events_response: Valid response received. Details: {"api_url":"https:\/\/api.wordpress.org\/events\/1.0\/","request_args":{"body":{"number":5,"ip":"::","locale":"en_US","timezone":"America\/Los_Angeles"}},"response_code":200,"response_body":{"location":{"ip":"73.240.112.253"},"events":"0 events trimmed."}}
[13-Dec-2017 02:18:04 UTC] PHP Warning:  An unexpected error occurred. Something may be wrong with WordPress.org or this server&#8217;s configuration. If you continue to have problems, please try the <a href="https://wordpress.org/support/">support forums</a>. (WordPress could not establish a secure connection to WordPress.org. Please contact your server administrator.) in C:\xampp\htdocs\sweetshop\wp-includes\update.php on line 131
[13-Dec-2017 02:18:22 UTC] PHP Warning:  An unexpected error occurred. Something may be wrong with WordPress.org or this server&#8217;s configuration. If you continue to have problems, please try the <a href="https://wordpress.org/support/">support forums</a>. (WordPress could not establish a secure connection to WordPress.org. Please contact your server administrator.) in C:\xampp\htdocs\sweetshop\wp-includes\update.php on line 323
[13-Dec-2017 02:18:38 UTC] PHP Fatal error:  Maximum execution time of 30 seconds exceeded in C:\xampp\htdocs\sweetshop\wp-includes\Requests\Transport\cURL.php on line 441
[13-Dec-2017 02:20:30 UTC] PHP Warning:  An unexpected error occurred. Something may be wrong with WordPress.org or this server&#8217;s configuration. If you continue to have problems, please try the <a href="https://wordpress.org/support/">support forums</a>. (WordPress could not establish a secure connection to WordPress.org. Please contact your server administrator.) in C:\xampp\htdocs\sweetshop\wp-includes\update.php on line 501
[13-Dec-2017 02:20:45 UTC] WP_Community_Events::maybe_log_events_response: cURL error 28: Operation timed out after 5000 milliseconds with 0 out of 0 bytes received. Details: {"api_url":"https:\/\/api.wordpress.org\/events\/1.0\/","request_args":{"body":{"number":5,"ip":"::","locale":"en_US","timezone":"America\/Los_Angeles"}},"response_code":"","response_body":null}
[13-Dec-2017 02:20:50 UTC] PHP Fatal error:  Maximum execution time of 30 seconds exceeded in C:\xampp\htdocs\sweetshop\wp-includes\Requests\Transport\cURL.php on line 163
[13-Dec-2017 02:42:48 UTC] PHP Parse error:  syntax error, unexpected 'else' (T_ELSE), expecting end of file in C:\xampp\htdocs\sweetshop\wp-content\themes\twentyseventeen-child\front-page.php on line 40
[13-Dec-2017 02:42:54 UTC] PHP Parse error:  syntax error, unexpected 'else' (T_ELSE), expecting end of file in C:\xampp\htdocs\sweetshop\wp-content\themes\twentyseventeen-child\front-page.php on line 40
[13-Dec-2017 02:45:18 UTC] WP_Community_Events::maybe_log_events_response: cURL error 28: Connection timed out after 5000 milliseconds. Details: {"api_url":"https:\/\/api.wordpress.org\/events\/1.0\/","request_args":{"body":{"number":5,"ip":"::","locale":"en_US","timezone":"America\/Los_Angeles"}},"response_code":"","response_body":null}
